<?xml version="1.0" encoding="UTF-8"?>
<!-- Generated by org.testng.reporters.JUnitXMLReporter -->
<testsuite hostname="DESKTOP-52E8A26" ignored="0" name="Default test" tests="3" failures="0" timestamp="2021-03-11T17:43:26 EST" time="49.933" errors="0">
  <testcase name="verifySignInLabel" time="0.053" classname="testcases.LoginPageTest"/>
  <testcase name="userSignIn" time="36.14" classname="testcases.LoginPageTest"/>
  <testcase name="userSignOut" time="1.454" classname="testcases.LoginPageTest"/>
</testsuite> <!-- Default test -->
