<?xml version="1.0" encoding="UTF-8"?>
<testng-results skipped="0" failed="1" ignored="0" total="4" passed="3">
  <reporter-output>
  </reporter-output>
  <suite name="Suite1" duration-ms="32663" started-at="2021-03-11T22:56:18 EST" finished-at="2021-03-11T22:56:51 EST">
    <groups>
    </groups>
    <test name="Regression1" duration-ms="32663" started-at="2021-03-11T22:56:18 EST" finished-at="2021-03-11T22:56:51 EST">
      <class name="testcases.HomePageTest">
        <test-method status="PASS" signature="ExtentReportConfiguration()[pri:0, instance:testcases.HomePageTest@7a3d45bd]" name="ExtentReportConfiguration" is-config="true" duration-ms="203" started-at="2021-03-11T22:56:18 EST" finished-at="2021-03-11T22:56:18 EST">
          <reporter-output>
          </reporter-output>
        </test-method> <!-- ExtentReportConfiguration -->
        <test-method status="PASS" signature="beforeClass()[pri:0, instance:testcases.HomePageTest@7a3d45bd]" name="beforeClass" is-config="true" duration-ms="7111" started-at="2021-03-11T22:56:18 EST" finished-at="2021-03-11T22:56:25 EST">
          <reporter-output>
          </reporter-output>
        </test-method> <!-- beforeClass -->
        <test-method status="FAIL" signature="searchAnyItem()[pri:1, instance:testcases.HomePageTest@7a3d45bd]" name="searchAnyItem" duration-ms="5977" started-at="2021-03-11T22:56:25 EST" finished-at="2021-03-11T22:56:31 EST">
          <exception class="java.lang.AssertionError">
            <message>
              <![CDATA[expected ["fire extinguishers"] but found ["fire extinguisher"]]]>
            </message>
            <full-stacktrace>
              <![CDATA[java.lang.AssertionError: expected ["fire extinguishers"] but found ["fire extinguisher"]
at org.testng.Assert.fail(Assert.java:99)
at org.testng.Assert.failNotEquals(Assert.java:1037)
at org.testng.Assert.assertEqualsImpl(Assert.java:140)
at org.testng.Assert.assertEquals(Assert.java:122)
at org.testng.Assert.assertEquals(Assert.java:629)
at org.testng.Assert.assertEquals(Assert.java:639)
at testcases.HomePageTest.searchAnyItem(HomePageTest.java:67)
at sun.reflect.NativeMethodAccessorImpl.invoke0(Native Method)
at sun.reflect.NativeMethodAccessorImpl.invoke(Unknown Source)
at sun.reflect.DelegatingMethodAccessorImpl.invoke(Unknown Source)
at java.lang.reflect.Method.invoke(Unknown Source)
at org.testng.internal.MethodInvocationHelper.invokeMethod(MethodInvocationHelper.java:132)
at org.testng.internal.TestInvoker.invokeMethod(TestInvoker.java:599)
at org.testng.internal.TestInvoker.invokeTestMethod(TestInvoker.java:174)
at org.testng.internal.MethodRunner.runInSequence(MethodRunner.java:46)
at org.testng.internal.TestInvoker$MethodInvocationAgent.invoke(TestInvoker.java:822)
at org.testng.internal.TestInvoker.invokeTestMethods(TestInvoker.java:147)
at org.testng.internal.TestMethodWorker.invokeTestMethods(TestMethodWorker.java:146)
at org.testng.internal.TestMethodWorker.run(TestMethodWorker.java:128)
at java.util.ArrayList.forEach(Unknown Source)
at org.testng.TestRunner.privateRun(TestRunner.java:764)
at org.testng.TestRunner.run(TestRunner.java:585)
at org.testng.SuiteRunner.runTest(SuiteRunner.java:384)
at org.testng.SuiteRunner.runSequentially(SuiteRunner.java:378)
at org.testng.SuiteRunner.privateRun(SuiteRunner.java:337)
at org.testng.SuiteRunner.run(SuiteRunner.java:286)
at org.testng.SuiteRunnerWorker.runSuite(SuiteRunnerWorker.java:53)
at org.testng.SuiteRunnerWorker.run(SuiteRunnerWorker.java:96)
at org.testng.TestNG.runSuitesSequentially(TestNG.java:1218)
at org.testng.TestNG.runSuitesLocally(TestNG.java:1140)
at org.testng.TestNG.runSuites(TestNG.java:1069)
at org.testng.TestNG.run(TestNG.java:1037)
at org.testng.remote.AbstractRemoteTestNG.run(AbstractRemoteTestNG.java:115)
at org.testng.remote.RemoteTestNG.initAndRun(RemoteTestNG.java:251)
at org.testng.remote.RemoteTestNG.main(RemoteTestNG.java:77)
]]>
            </full-stacktrace>
          </exception> <!-- java.lang.AssertionError -->
          <reporter-output>
          </reporter-output>
        </test-method> <!-- searchAnyItem -->
        <test-method status="PASS" signature="tearDown(org.testng.ITestResult)[pri:0, instance:testcases.HomePageTest@7a3d45bd]" name="tearDown" is-config="true" duration-ms="1331" started-at="2021-03-11T22:56:31 EST" finished-at="2021-03-11T22:56:33 EST">
          <params>
            <param index="0">
              <value>
                <![CDATA[[TestResult name=searchAnyItem status=FAILURE method=HomePageTest.searchAnyItem()[pri:1, instance:testcases.HomePageTest@7a3d45bd] output={null}]]]>
              </value>
            </param>
          </params>
          <reporter-output>
          </reporter-output>
        </test-method> <!-- tearDown -->
        <test-method status="PASS" signature="afterClass()[pri:0, instance:testcases.HomePageTest@7a3d45bd]" name="afterClass" is-config="true" duration-ms="1409" started-at="2021-03-11T22:56:33 EST" finished-at="2021-03-11T22:56:34 EST">
          <reporter-output>
          </reporter-output>
        </test-method> <!-- afterClass -->
      </class> <!-- testcases.HomePageTest -->
      <class name="testcases.LoginPageTest">
        <test-method status="PASS" signature="ExtentReportConfiguration()[pri:0, instance:testcases.LoginPageTest@1e7c7811]" name="ExtentReportConfiguration" is-config="true" duration-ms="0" started-at="2021-03-11T22:56:18 EST" finished-at="2021-03-11T22:56:18 EST">
          <reporter-output>
          </reporter-output>
        </test-method> <!-- ExtentReportConfiguration -->
        <test-method status="PASS" signature="setUp()[pri:0, instance:testcases.LoginPageTest@1e7c7811]" name="setUp" is-config="true" duration-ms="6478" started-at="2021-03-11T22:56:34 EST" finished-at="2021-03-11T22:56:41 EST">
          <reporter-output>
          </reporter-output>
        </test-method> <!-- setUp -->
        <test-method status="PASS" signature="verifySignInLabel()[pri:1, instance:testcases.LoginPageTest@1e7c7811]" name="verifySignInLabel" duration-ms="275" started-at="2021-03-11T22:56:41 EST" finished-at="2021-03-11T22:56:41 EST">
          <reporter-output>
          </reporter-output>
        </test-method> <!-- verifySignInLabel -->
        <test-method status="PASS" signature="tearDown(org.testng.ITestResult)[pri:0, instance:testcases.LoginPageTest@1e7c7811]" name="tearDown" is-config="true" duration-ms="106" started-at="2021-03-11T22:56:41 EST" finished-at="2021-03-11T22:56:41 EST">
          <params>
            <param index="0">
              <value>
                <![CDATA[[TestResult name=verifySignInLabel status=SUCCESS method=LoginPageTest.verifySignInLabel()[pri:1, instance:testcases.LoginPageTest@1e7c7811] output={null}]]]>
              </value>
            </param>
          </params>
          <reporter-output>
          </reporter-output>
        </test-method> <!-- tearDown -->
        <test-method status="PASS" signature="userSignIn()[pri:2, instance:testcases.LoginPageTest@1e7c7811]" name="userSignIn" duration-ms="7075" started-at="2021-03-11T22:56:41 EST" finished-at="2021-03-11T22:56:48 EST">
          <reporter-output>
          </reporter-output>
        </test-method> <!-- userSignIn -->
        <test-method status="PASS" signature="tearDown(org.testng.ITestResult)[pri:0, instance:testcases.LoginPageTest@1e7c7811]" name="tearDown" is-config="true" duration-ms="96" started-at="2021-03-11T22:56:48 EST" finished-at="2021-03-11T22:56:48 EST">
          <params>
            <param index="0">
              <value>
                <![CDATA[[TestResult name=userSignIn status=SUCCESS method=LoginPageTest.userSignIn()[pri:2, instance:testcases.LoginPageTest@1e7c7811] output={null}]]]>
              </value>
            </param>
          </params>
          <reporter-output>
          </reporter-output>
        </test-method> <!-- tearDown -->
        <test-method status="PASS" signature="userSignOut()[pri:3, instance:testcases.LoginPageTest@1e7c7811]" name="userSignOut" duration-ms="1297" started-at="2021-03-11T22:56:48 EST" finished-at="2021-03-11T22:56:49 EST">
          <reporter-output>
          </reporter-output>
        </test-method> <!-- userSignOut -->
        <test-method status="PASS" signature="tearDown(org.testng.ITestResult)[pri:0, instance:testcases.LoginPageTest@1e7c7811]" name="tearDown" is-config="true" duration-ms="63" started-at="2021-03-11T22:56:49 EST" finished-at="2021-03-11T22:56:50 EST">
          <params>
            <param index="0">
              <value>
                <![CDATA[[TestResult name=userSignOut status=SUCCESS method=LoginPageTest.userSignOut()[pri:3, instance:testcases.LoginPageTest@1e7c7811] output={null}]]]>
              </value>
            </param>
          </params>
          <reporter-output>
          </reporter-output>
        </test-method> <!-- tearDown -->
        <test-method status="PASS" signature="tearDown()[pri:0, instance:testcases.LoginPageTest@1e7c7811]" name="tearDown" is-config="true" duration-ms="1135" started-at="2021-03-11T22:56:50 EST" finished-at="2021-03-11T22:56:51 EST">
          <reporter-output>
          </reporter-output>
        </test-method> <!-- tearDown -->
      </class> <!-- testcases.LoginPageTest -->
    </test> <!-- Regression1 -->
  </suite> <!-- Suite1 -->
</testng-results>
